#
# A fatal error has been detected by the Java Runtime Environment:
#
#  EXCEPTION_ACCESS_VIOLATION (0xc0000005) at pc=0x0000000074306237, pid=6304, tid=9612
#
# JRE version: Java(TM) SE Runtime Environment (8.0_73-b02) (build 1.8.0_73-b02)
# Java VM: Java HotSpot(TM) 64-Bit Server VM (25.73-b02 mixed mode windows-amd64 compressed oops)
# Problematic frame:
# V  [jvm.dll+0x496237]
#
# Failed to write core dump. Minidumps are not enabled by default on client versions of Windows
#
# If you would like to submit a bug report, please visit:
#   http://bugreport.java.com/bugreport/crash.jsp
#

---------------  T H R E A D  ---------------

Current thread (0x000000001e302000):  JavaThread "C2 CompilerThread2" daemon [_thread_in_native, id=9612, stack(0x000000001ead0000,0x000000001ebd0000)]

siginfo: ExceptionCode=0xc0000005, writing address 0x0000000074280d38

Registers:
RAX=0x00000000ffbef2c4, RBX=0x00000000234b0ab0, RCX=0x0000000000000000, RDX=0x00000000ffbef2c4
RSP=0x000000001ebcbf50, RBP=0x0000000000000602, RSI=0x000000001ebcc050, RDI=0x0000000000000602
R8 =0x0000000000000004, R9 =0x0000000074280d38, R10=0x0000000073e70000, R11=0x000000001ebcbd40
R12=0x0000000074680d38, R13=0x0000000073e70000, R14=0x000000001e3076b8, R15=0x00000000000003d8
RIP=0x0000000074306237, EFLAGS=0x0000000000010282

Top of Stack: (sp=0x000000001ebcbf50)
0x000000001ebcbf50:   00000000234b88f0 00000000234a3f90
0x000000001ebcbf60:   0000000000000602 000000001ebcc050
0x000000001ebcbf70:   0000053900000000 0000000000000002
0x000000001ebcbf80:   00000000240cbd20 0000000000000006
0x000000001ebcbf90:   00000000234b8a40 0000000000000010
0x000000001ebcbfa0:   00000000234b8a30 000000001ebcc340
0x000000001ebcbfb0:   000000001e3072e0 000000001ebcc340
0x000000001ebcbfc0:   000000001e3072d0 00000000742d2e01
0x000000001ebcbfd0:   0000000000000000 000000001ebcc0d0
0x000000001ebcbfe0:   0000000000000000 0000000000000006
0x000000001ebcbff0:   0000000000000002 000000001e3072d0
0x000000001ebcc000:   00000000240c7fb0 00000000240cd2a0
0x000000001ebcc010:   00000000240cff98 0000000000186ee8
0x000000001ebcc020:   0000000000000002 000000001e34ef90
0x000000001ebcc030:   000000001e34ef90 000000001e34efa0
0x000000001ebcc040:   000000001e34f378 00000000000003d8 

Instructions: (pc=0x0000000074306237)
0x0000000074306217:   d7 8b cf 41 b8 01 00 00 00 c1 ea 05 83 e1 1f 83
0x0000000074306227:   e2 07 41 d3 e0 8b ca 41 8b 14 91 8b c2 41 0b c0
0x0000000074306237:   41 89 04 89 41 85 d0 0f 85 44 ff ff ff ff 03 e9
0x0000000074306247:   3d ff ff ff ff c7 3b 7e 28 0f 82 1a ff ff ff 4c 


Register to memory mapping:

RAX=0x00000000ffbef2c4 is an unknown value
RBX=0x00000000234b0ab0 is an unknown value
RCX=0x0000000000000000 is an unknown value
RDX=0x00000000ffbef2c4 is an unknown value
RSP=0x000000001ebcbf50 is pointing into the stack for thread: 0x000000001e302000
RBP=0x0000000000000602 is an unknown value
RSI=0x000000001ebcc050 is pointing into the stack for thread: 0x000000001e302000
RDI=0x0000000000000602 is an unknown value
R8 =0x0000000000000004 is an unknown value
R9 =0x0000000074280d38 is an unknown value
R10=0x0000000073e70000 is an unknown value
R11=0x000000001ebcbd40 is pointing into the stack for thread: 0x000000001e302000
R12=0x0000000074680d38 is an unknown value
R13=0x0000000073e70000 is an unknown value
R14=0x000000001e3076b8 is an unknown value
R15=0x00000000000003d8 is an unknown value


Stack: [0x000000001ead0000,0x000000001ebd0000],  sp=0x000000001ebcbf50,  free space=1007k
Native frames: (J=compiled Java code, j=interpreted, Vv=VM code, C=native code)
V  [jvm.dll+0x496237]
V  [jvm.dll+0x462e01]
V  [jvm.dll+0x46dbbb]
V  [jvm.dll+0x4701d2]
V  [jvm.dll+0x453492]
V  [jvm.dll+0xa4932]
V  [jvm.dll+0xa526f]
V  [jvm.dll+0x243234]
V  [jvm.dll+0x29a10a]
C  [msvcr100.dll+0x21d9f]
C  [msvcr100.dll+0x21e3b]
C  [KERNEL32.DLL+0x18102]
C  [ntdll.dll+0x5c5b4]


Current CompileTask:
C2:   4551 2972       4       clojure.asm.commons.GeneratorAdapter::invokeInsn (41 bytes)


---------------  P R O C E S S  ---------------

Java Threads: ( => current thread )
  0x000000001e39a800 JavaThread "Service Thread" daemon [_thread_blocked, id=2376, stack(0x000000001ecd0000,0x000000001edd0000)]
  0x000000001e305000 JavaThread "C1 CompilerThread3" daemon [_thread_blocked, id=4744, stack(0x000000001ebd0000,0x000000001ecd0000)]
=>0x000000001e302000 JavaThread "C2 CompilerThread2" daemon [_thread_in_native, id=9612, stack(0x000000001ead0000,0x000000001ebd0000)]
  0x000000001e2fc000 JavaThread "C2 CompilerThread1" daemon [_thread_in_native, id=4168, stack(0x000000001e9d0000,0x000000001ead0000)]
  0x000000001e2f8800 JavaThread "C2 CompilerThread0" daemon [_thread_in_native, id=9784, stack(0x000000001e8d0000,0x000000001e9d0000)]
  0x000000001e2f6000 JavaThread "Attach Listener" daemon [_thread_blocked, id=5712, stack(0x000000001e7d0000,0x000000001e8d0000)]
  0x000000001e2f5000 JavaThread "Signal Dispatcher" daemon [_thread_blocked, id=10132, stack(0x000000001e6d0000,0x000000001e7d0000)]
  0x0000000002709800 JavaThread "Finalizer" daemon [_thread_blocked, id=5176, stack(0x000000001e0f0000,0x000000001e1f0000)]
  0x000000001c1dd800 JavaThread "Reference Handler" daemon [_thread_blocked, id=4496, stack(0x000000001dff0000,0x000000001e0f0000)]
  0x0000000002610800 JavaThread "main" [_thread_in_vm, id=9684, stack(0x0000000002170000,0x0000000002270000)]

Other Threads:
  0x000000001c1d9000 VMThread [stack: 0x000000001def0000,0x000000001dff0000] [id=5648]
  0x000000001e3ad000 WatcherThread [stack: 0x000000001edd0000,0x000000001eed0000] [id=4220]

VM state:not at safepoint (normal execution)

VM Mutex/Monitor currently owned by a thread: None

Heap:
 PSYoungGen      total 76288K, used 30998K [0x000000076ad80000, 0x0000000771780000, 0x00000007c0000000)
  eden space 65536K, 35% used [0x000000076ad80000,0x000000076c429028,0x000000076ed80000)
  from space 10752K, 72% used [0x000000076ed80000,0x000000076f51c7f0,0x000000076f800000)
  to   space 10752K, 0% used [0x0000000770d00000,0x0000000770d00000,0x0000000771780000)
 ParOldGen       total 116736K, used 8799K [0x00000006c0800000, 0x00000006c7a00000, 0x000000076ad80000)
  object space 116736K, 7% used [0x00000006c0800000,0x00000006c1097d60,0x00000006c7a00000)
 Metaspace       used 28127K, capacity 29752K, committed 29952K, reserved 1073152K
  class space    used 5077K, capacity 5599K, committed 5632K, reserved 1048576K

Card table byte_map: [0x0000000011ad0000,0x00000000122d0000] byte_map_base: 0x000000000e4cc000

Marking Bits: (ParMarkBitMap*) 0x0000000074680600
 Begin Bits: [0x0000000013030000, 0x0000000017010000)
 End Bits:   [0x0000000017010000, 0x000000001aff0000)

Polling page: 0x0000000000950000

CodeCache: size=245760Kb used=11899Kb max_used=11900Kb free=233860Kb
 bounds [0x0000000002710000, 0x00000000032c0000, 0x0000000011710000]
 total_blobs=3453 nmethods=3018 adapters=346
 compilation: enabled

Compilation events (10 events):
Event: 4.503 Thread 0x000000001e305000 3012       3       java.lang.reflect.Method::toString (20 bytes)
Event: 4.503 Thread 0x000000001e305000 nmethod 3012 0x00000000032a9650 code [0x00000000032a97e0, 0x00000000032a9db8]
Event: 4.505 Thread 0x000000001e305000 3013       3       clojure.lang.Compiler::consumeWhitespaces (26 bytes)
Event: 4.506 Thread 0x000000001e305000 nmethod 3013 0x00000000032a80d0 code [0x00000000032a8340, 0x00000000032a8f58]
Event: 4.507 Thread 0x000000001e2fc000 nmethod 2981 0x00000000032b2410 code [0x00000000032b26e0, 0x00000000032b3118]
Event: 4.507 Thread 0x000000001e2fc000 3010       4       clojure.lang.Numbers$LongOps::isPos (15 bytes)
Event: 4.507 Thread 0x000000001e305000 3014   !   3       sun.misc.URLClassPath::check (123 bytes)
Event: 4.508 Thread 0x000000001e2fc000 nmethod 3010 0x00000000032a6910 code [0x00000000032a6a60, 0x00000000032a6b18]
Event: 4.508 Thread 0x000000001e2fc000 3005       4       clojure.asm.ByteVector::put11 (52 bytes)
Event: 4.508 Thread 0x000000001e305000 nmethod 3014 0x00000000032b50d0 code [0x00000000032b53a0, 0x00000000032b6c28]

GC Heap History (8 events):
Event: 1.461 GC heap before
{Heap before GC invocations=1 (full 0):
 PSYoungGen      total 76288K, used 65536K [0x000000076ad80000, 0x0000000770280000, 0x00000007c0000000)
  eden space 65536K, 100% used [0x000000076ad80000,0x000000076ed80000,0x000000076ed80000)
  from space 10752K, 0% used [0x000000076f800000,0x000000076f800000,0x0000000770280000)
  to   space 10752K, 0% used [0x000000076ed80000,0x000000076ed80000,0x000000076f800000)
 ParOldGen       total 175104K, used 0K [0x00000006c0800000, 0x00000006cb300000, 0x000000076ad80000)
  object space 175104K, 0% used [0x00000006c0800000,0x00000006c0800000,0x00000006cb300000)
 Metaspace       used 16050K, capacity 16332K, committed 16512K, reserved 1062912K
  class space    used 2806K, capacity 2894K, committed 2944K, reserved 1048576K
Event: 1.470 GC heap after
Heap after GC invocations=1 (full 0):
 PSYoungGen      total 76288K, used 10740K [0x000000076ad80000, 0x0000000770280000, 0x00000007c0000000)
  eden space 65536K, 0% used [0x000000076ad80000,0x000000076ad80000,0x000000076ed80000)
  from space 10752K, 99% used [0x000000076ed80000,0x000000076f7fd058,0x000000076f800000)
  to   space 10752K, 0% used [0x000000076f800000,0x000000076f800000,0x0000000770280000)
 ParOldGen       total 175104K, used 518K [0x00000006c0800000, 0x00000006cb300000, 0x000000076ad80000)
  object space 175104K, 0% used [0x00000006c0800000,0x00000006c0881bc8,0x00000006cb300000)
 Metaspace       used 16050K, capacity 16332K, committed 16512K, reserved 1062912K
  class space    used 2806K, capacity 2894K, committed 2944K, reserved 1048576K
}
Event: 2.133 GC heap before
{Heap before GC invocations=2 (full 0):
 PSYoungGen      total 76288K, used 56782K [0x000000076ad80000, 0x0000000770280000, 0x00000007c0000000)
  eden space 65536K, 70% used [0x000000076ad80000,0x000000076da76808,0x000000076ed80000)
  from space 10752K, 99% used [0x000000076ed80000,0x000000076f7fd058,0x000000076f800000)
  to   space 10752K, 0% used [0x000000076f800000,0x000000076f800000,0x0000000770280000)
 ParOldGen       total 175104K, used 518K [0x00000006c0800000, 0x00000006cb300000, 0x000000076ad80000)
  object space 175104K, 0% used [0x00000006c0800000,0x00000006c0881bc8,0x00000006cb300000)
 Metaspace       used 20278K, capacity 21114K, committed 21296K, reserved 1067008K
  class space    used 3590K, capacity 3858K, committed 3968K, reserved 1048576K
Event: 2.141 GC heap after
Heap after GC invocations=2 (full 0):
 PSYoungGen      total 76288K, used 9060K [0x000000076ad80000, 0x0000000770280000, 0x00000007c0000000)
  eden space 65536K, 0% used [0x000000076ad80000,0x000000076ad80000,0x000000076ed80000)
  from space 10752K, 84% used [0x000000076f800000,0x00000007700d9208,0x0000000770280000)
  to   space 10752K, 0% used [0x000000076ed80000,0x000000076ed80000,0x000000076f800000)
 ParOldGen       total 175104K, used 534K [0x00000006c0800000, 0x00000006cb300000, 0x000000076ad80000)
  object space 175104K, 0% used [0x00000006c0800000,0x00000006c0885bc8,0x00000006cb300000)
 Metaspace       used 20278K, capacity 21114K, committed 21296K, reserved 1067008K
  class space    used 3590K, capacity 3858K, committed 3968K, reserved 1048576K
}
Event: 2.141 GC heap before
{Heap before GC invocations=3 (full 1):
 PSYoungGen      total 76288K, used 9060K [0x000000076ad80000, 0x0000000770280000, 0x00000007c0000000)
  eden space 65536K, 0% used [0x000000076ad80000,0x000000076ad80000,0x000000076ed80000)
  from space 10752K, 84% used [0x000000076f800000,0x00000007700d9208,0x0000000770280000)
  to   space 10752K, 0% used [0x000000076ed80000,0x000000076ed80000,0x000000076f800000)
 ParOldGen       total 175104K, used 534K [0x00000006c0800000, 0x00000006cb300000, 0x000000076ad80000)
  object space 175104K, 0% used [0x00000006c0800000,0x00000006c0885bc8,0x00000006cb300000)
 Metaspace       used 20278K, capacity 21114K, committed 21296K, reserved 1067008K
  class space    used 3590K, capacity 3858K, committed 3968K, reserved 1048576K
Event: 2.172 GC heap after
Heap after GC invocations=3 (full 1):
 PSYoungGen      total 76288K, used 0K [0x000000076ad80000, 0x0000000770280000, 0x00000007c0000000)
  eden space 65536K, 0% used [0x000000076ad80000,0x000000076ad80000,0x000000076ed80000)
  from space 10752K, 0% used [0x000000076f800000,0x000000076f800000,0x0000000770280000)
  to   space 10752K, 0% used [0x000000076ed80000,0x000000076ed80000,0x000000076f800000)
 ParOldGen       total 116736K, used 8791K [0x00000006c0800000, 0x00000006c7a00000, 0x000000076ad80000)
  object space 116736K, 7% used [0x00000006c0800000,0x00000006c1095d60,0x00000006c7a00000)
 Metaspace       used 20278K, capacity 21114K, committed 21296K, reserved 1067008K
  class space    used 3590K, capacity 3858K, committed 3968K, reserved 1048576K
}
Event: 4.336 GC heap before
{Heap before GC invocations=4 (full 1):
 PSYoungGen      total 76288K, used 65536K [0x000000076ad80000, 0x0000000770280000, 0x00000007c0000000)
  eden space 65536K, 100% used [0x000000076ad80000,0x000000076ed80000,0x000000076ed80000)
  from space 10752K, 0% used [0x000000076f800000,0x000000076f800000,0x0000000770280000)
  to   space 10752K, 0% used [0x000000076ed80000,0x000000076ed80000,0x000000076f800000)
 ParOldGen       total 116736K, used 8791K [0x00000006c0800000, 0x00000006c7a00000, 0x000000076ad80000)
  object space 116736K, 7% used [0x00000006c0800000,0x00000006c1095d60,0x00000006c7a00000)
 Metaspace       used 27377K, capacity 28658K, committed 28800K, reserved 1073152K
  class space    used 4842K, capacity 5225K, committed 5248K, reserved 1048576K
Event: 4.344 GC heap after
Heap after GC invocations=4 (full 1):
 PSYoungGen      total 76288K, used 7793K [0x000000076ad80000, 0x0000000771780000, 0x00000007c0000000)
  eden space 65536K, 0% used [0x000000076ad80000,0x000000076ad80000,0x000000076ed80000)
  from space 10752K, 72% used [0x000000076ed80000,0x000000076f51c7f0,0x000000076f800000)
  to   space 10752K, 0% used [0x0000000770d00000,0x0000000770d00000,0x0000000771780000)
 ParOldGen       total 116736K, used 8799K [0x00000006c0800000, 0x00000006c7a00000, 0x000000076ad80000)
  object space 116736K, 7% used [0x00000006c0800000,0x00000006c1097d60,0x00000006c7a00000)
 Metaspace       used 27377K, capacity 28658K, committed 28800K, reserved 1073152K
  class space    used 4842K, capacity 5225K, committed 5248K, reserved 1048576K
}

Deoptimization events (10 events):
Event: 4.001 Thread 0x0000000002610800 Uncommon trap: reason=class_check action=maybe_recompile pc=0x00000000030fd088 method=clojure.lang.Numbers$LongOps.isPos(Ljava/lang/Number;)Z @ 1
Event: 4.001 Thread 0x0000000002610800 Uncommon trap: reason=class_check action=maybe_recompile pc=0x00000000030fd088 method=clojure.lang.Numbers$LongOps.isPos(Ljava/lang/Number;)Z @ 1
Event: 4.001 Thread 0x0000000002610800 Uncommon trap: reason=class_check action=maybe_recompile pc=0x00000000030fd088 method=clojure.lang.Numbers$LongOps.isPos(Ljava/lang/Number;)Z @ 1
Event: 4.001 Thread 0x0000000002610800 Uncommon trap: reason=class_check action=maybe_recompile pc=0x00000000030fd088 method=clojure.lang.Numbers$LongOps.isPos(Ljava/lang/Number;)Z @ 1
Event: 4.194 Thread 0x0000000002610800 Uncommon trap: reason=unstable_if action=reinterpret pc=0x0000000002c442b4 method=clojure.lang.RT.getFrom(Ljava/lang/Object;Ljava/lang/Object;)Ljava/lang/Object; @ 1
Event: 4.215 Thread 0x0000000002610800 Uncommon trap: reason=unstable_if action=reinterpret pc=0x0000000003172184 method=java.util.regex.Pattern$Ctype.isSatisfiedBy(I)Z @ 15
Event: 4.221 Thread 0x0000000002610800 Uncommon trap: reason=unstable_if action=reinterpret pc=0x0000000002b6f0cc method=clojure.lang.Cons.more()Lclojure/lang/ISeq; @ 4
Event: 4.231 Thread 0x0000000002610800 Uncommon trap: reason=unstable_if action=reinterpret pc=0x0000000002ed98b0 method=clojure.lang.Compiler.analyzeSymbol(Lclojure/lang/Symbol;)Lclojure/lang/Compiler$Expr; @ 189
Event: 4.355 Thread 0x0000000002610800 Uncommon trap: reason=unstable_if action=reinterpret pc=0x0000000002eb0d6c method=java.lang.reflect.Field.get(Ljava/lang/Object;)Ljava/lang/Object; @ 4
Event: 4.355 Thread 0x0000000002610800 Uncommon trap: reason=unstable_if action=reinterpret pc=0x000000000309f308 method=java.lang.reflect.Field.getFieldAccessor(Ljava/lang/Object;)Lsun/reflect/FieldAccessor; @ 6

Internal exceptions (10 events):
Event: 3.579 Thread 0x0000000002610800 Exception <a 'java/lang/ArrayIndexOutOfBoundsException'> (0x000000076bbe8408) thrown at [D:\re\puppet\workspace\8-2-build-windows-amd64-cygwin\jdk8u73\6086\hotspot\src\share\vm\runtime\sharedRuntime.cpp, line 605]
Event: 3.579 Thread 0x0000000002610800 Exception <a 'java/lang/ArrayIndexOutOfBoundsException'> (0x000000076bbea428) thrown at [D:\re\puppet\workspace\8-2-build-windows-amd64-cygwin\jdk8u73\6086\hotspot\src\share\vm\runtime\sharedRuntime.cpp, line 605]
Event: 3.586 Thread 0x0000000002610800 Exception <a 'java/lang/ClassNotFoundException': org/sonatype/aether/util/artifact/DefaultArtifactBeanInfo> (0x000000076bc18638) thrown at [D:\re\puppet\workspace\8-2-build-windows-amd64-cygwin\jdk8u73\6086\hotspot\src\share\vm\classfile\systemDictionary.c6qRëæ¯@
Event: 3.586 Thread 0x0000000002610800 Exception <a 'java/lang/ClassNotFoundException': org/sonatype/aether/util/artifact/AbstractArtifactBeanInfo> (0x000000076bc1ad18) thrown at [D:\re\puppet\workspace\8-2-build-windows-amd64-cygwin\jdk8u73\6086\hotspot\src\share\vm\classfile\systemDictionary.+1q$G°@
Event: 3.586 Thread 0x0000000002610800 Exception <a 'java/lang/ClassNotFoundException': org/sonatype/aether/util/artifact/AbstractArtifactCustomizer> (0x000000076bc1d358) thrown at [D:\re\puppet\workspace\8-2-build-windows-amd64-cygwin\jdk8u73\6086\hotspot\src\share\vm\classfile\systemDictionarn«î^À°@
Event: 3.586 Thread 0x0000000002610800 Exception <a 'java/lang/ArrayIndexOutOfBoundsException'> (0x000000076bc216e8) thrown at [D:\re\puppet\workspace\8-2-build-windows-amd64-cygwin\jdk8u73\6086\hotspot\src\share\vm\runtime\sharedRuntime.cpp, line 605]
Event: 3.586 Thread 0x0000000002610800 Exception <a 'java/lang/ArrayIndexOutOfBoundsException'> (0x000000076bc22b50) thrown at [D:\re\puppet\workspace\8-2-build-windows-amd64-cygwin\jdk8u73\6086\hotspot\src\share\vm\runtime\sharedRuntime.cpp, line 605]
Event: 3.587 Thread 0x0000000002610800 Exception <a 'java/lang/ClassNotFoundException': org/sonatype/aether/util/artifact/DefaultArtifactCustomizer> (0x000000076bc27708) thrown at [D:\re\puppet\workspace\8-2-build-windows-amd64-cygwin\jdk8u73\6086\hotspot\src\share\vm\classfile\systemDictionaryK¯
Event: 3.587 Thread 0x0000000002610800 Exception <a 'java/lang/ArrayIndexOutOfBoundsException'> (0x000000076bc2a0e0) thrown at [D:\re\puppet\workspace\8-2-build-windows-amd64-cygwin\jdk8u73\6086\hotspot\src\share\vm\runtime\sharedRuntime.cpp, line 605]
Event: 3.587 Thread 0x0000000002610800 Exception <a 'java/lang/ArrayIndexOutOfBoundsException'> (0x000000076bc2c120) thrown at [D:\re\puppet\workspace\8-2-build-windows-amd64-cygwin\jdk8u73\6086\hotspot\src\share\vm\runtime\sharedRuntime.cpp, line 605]

Events (10 events):
Event: 4.355 Thread 0x0000000002610800 DEOPT PACKING pc=0x000000000309f308 sp=0x0000000002268280
Event: 4.355 Thread 0x0000000002610800 DEOPT UNPACKING pc=0x000000000275582a sp=0x0000000002268218 mode 2
Event: 4.379 Executing VM operation: BulkRevokeBias
Event: 4.379 Executing VM operation: BulkRevokeBias done
Event: 4.415 loading class leiningen/cljsbuild/config__init
Event: 4.415 loading class leiningen/cljsbuild/config__init done
Event: 4.478 loading class leiningen/cljsbuild/jar__init
Event: 4.478 loading class leiningen/cljsbuild/jar__init done
Event: 4.507 loading class leiningen/cljsbuild/subproject__init
Event: 4.507 loading class leiningen/cljsbuild/subproject__init done


Dynamic libraries:
0x00007ff7d0a10000 - 0x00007ff7d0a47000 	C:\ProgramData\Oracle\Java\javapath\java.exe
0x00007ffd03460000 - 0x00007ffd03621000 	C:\WINDOWS\SYSTEM32\ntdll.dll
0x00007ffd00b10000 - 0x00007ffd00bbd000 	C:\WINDOWS\system32\KERNEL32.DLL
0x00007ffd00550000 - 0x00007ffd00738000 	C:\WINDOWS\system32\KERNELBASE.dll
0x00007ffd013e0000 - 0x00007ffd01487000 	C:\WINDOWS\system32\ADVAPI32.dll
0x00007ffd02fe0000 - 0x00007ffd0307d000 	C:\WINDOWS\system32\msvcrt.dll
0x00007ffd02f80000 - 0x00007ffd02fdb000 	C:\WINDOWS\system32\sechost.dll
0x00007ffd03140000 - 0x00007ffd0325c000 	C:\WINDOWS\system32\RPCRT4.dll
0x00007ffd032d0000 - 0x00007ffd03426000 	C:\WINDOWS\system32\USER32.dll
0x00007ffd01500000 - 0x00007ffd01686000 	C:\WINDOWS\system32\GDI32.dll
0x00007ffcf0ec0000 - 0x00007ffcf1134000 	C:\WINDOWS\WinSxS\amd64_microsoft.windows.common-controls_6595b64144ccf1df_6.0.10586.0_none_8c15ae12515e1c22\COMCTL32.dll
0x00007ffd02cf0000 - 0x00007ffd02f6d000 	C:\WINDOWS\system32\combase.dll
0x00007ffcffb10000 - 0x00007ffcffb7a000 	C:\WINDOWS\system32\bcryptPrimitives.dll
0x00007ffd02c00000 - 0x00007ffd02c3b000 	C:\WINDOWS\system32\IMM32.DLL
0x00000000ac000000 - 0x00000000ac00f000 	E:\Downloads\ansicon\ansi166\x64\ANSI64.dll
0x0000000074700000 - 0x00000000747d2000 	C:\Program Files\Java\jre1.8.0_73\bin\msvcr100.dll
0x0000000073e70000 - 0x0000000074700000 	C:\Program Files\Java\jre1.8.0_73\bin\server\jvm.dll
0x00007ffd02bf0000 - 0x00007ffd02bf8000 	C:\WINDOWS\system32\PSAPI.DLL
0x00007ffcf4be0000 - 0x00007ffcf4be9000 	C:\WINDOWS\SYSTEM32\WSOCK32.dll
0x00007ffcfe0a0000 - 0x00007ffcfe0c3000 	C:\WINDOWS\SYSTEM32\WINMM.dll
0x00007ffcfc7a0000 - 0x00007ffcfc7aa000 	C:\WINDOWS\SYSTEM32\VERSION.dll
0x00007ffd01490000 - 0x00007ffd014fb000 	C:\WINDOWS\system32\WS2_32.dll
0x00007ffcfe040000 - 0x00007ffcfe06c000 	C:\WINDOWS\SYSTEM32\WINMMBASE.dll
0x00007ffd00500000 - 0x00007ffd00543000 	C:\WINDOWS\system32\cfgmgr32.dll
0x0000000073e60000 - 0x0000000073e6f000 	C:\Program Files\Java\jre1.8.0_73\bin\verify.dll
0x0000000073e30000 - 0x0000000073e59000 	C:\Program Files\Java\jre1.8.0_73\bin\java.dll
0x0000000073e10000 - 0x0000000073e26000 	C:\Program Files\Java\jre1.8.0_73\bin\zip.dll
0x00007ffd01690000 - 0x00007ffd02bec000 	C:\WINDOWS\system32\SHELL32.dll
0x00007ffcffb80000 - 0x00007ffd001c5000 	C:\WINDOWS\system32\windows.storage.dll
0x00007ffd03080000 - 0x00007ffd030d2000 	C:\WINDOWS\system32\shlwapi.dll
0x00007ffcffb00000 - 0x00007ffcffb0f000 	C:\WINDOWS\system32\kernel.appcore.dll
0x00007ffd007a0000 - 0x00007ffd00855000 	C:\WINDOWS\system32\shcore.dll
0x00007ffcffa80000 - 0x00007ffcffacb000 	C:\WINDOWS\system32\powrprof.dll
0x00007ffcffad0000 - 0x00007ffcffae4000 	C:\WINDOWS\system32\profapi.dll
0x0000000073de0000 - 0x0000000073e04000 	C:\Program Files\Java\jre1.8.0_73\bin\sunec.dll
0x00007ffcff460000 - 0x00007ffcff477000 	C:\WINDOWS\SYSTEM32\CRYPTSP.dll
0x00007ffcff0f0000 - 0x00007ffcff124000 	C:\WINDOWS\system32\rsaenh.dll
0x00007ffcff910000 - 0x00007ffcff939000 	C:\WINDOWS\SYSTEM32\bcrypt.dll
0x00007ffcff240000 - 0x00007ffcff25f000 	C:\WINDOWS\SYSTEM32\USERENV.dll
0x00007ffcff580000 - 0x00007ffcff58b000 	C:\WINDOWS\SYSTEM32\CRYPTBASE.dll
0x0000000073dc0000 - 0x0000000073dda000 	C:\Program Files\Java\jre1.8.0_73\bin\net.dll
0x00007ffcff3b0000 - 0x00007ffcff40c000 	C:\WINDOWS\system32\mswsock.dll
0x00007ffcfca10000 - 0x00007ffcfca48000 	C:\WINDOWS\SYSTEM32\IPHLPAPI.DLL
0x00007ffd03430000 - 0x00007ffd03438000 	C:\WINDOWS\system32\NSI.dll
0x00007ffcf82e0000 - 0x00007ffcf82f6000 	C:\WINDOWS\SYSTEM32\dhcpcsvc6.DLL
0x00007ffcf82c0000 - 0x00007ffcf82da000 	C:\WINDOWS\SYSTEM32\dhcpcsvc.DLL
0x0000000073da0000 - 0x0000000073db1000 	C:\Program Files\Java\jre1.8.0_73\bin\nio.dll
0x00007ffcfe4a0000 - 0x00007ffcfe54a000 	C:\WINDOWS\SYSTEM32\DNSAPI.dll
0x0000000074c40000 - 0x0000000074c66000 	C:\Program Files\Bonjour\mdnsNSP.dll
0x00007ffcf6770000 - 0x00007ffcf677a000 	C:\Windows\System32\rasadhlp.dll
0x00007ffcf8320000 - 0x00007ffcf8387000 	C:\WINDOWS\System32\fwpuclnt.dll
0x00007ffcf17b0000 - 0x00007ffcf17c6000 	C:\WINDOWS\system32\napinsp.dll
0x00007ffcf2640000 - 0x00007ffcf265a000 	C:\WINDOWS\system32\pnrpnsp.dll
0x00007ffcfb0a0000 - 0x00007ffcfb0b8000 	C:\WINDOWS\system32\NLAapi.dll
0x00007ffcf2810000 - 0x00007ffcf281d000 	C:\WINDOWS\System32\winrnr.dll
0x00007ffcfadf0000 - 0x00007ffcfaf7c000 	C:\WINDOWS\SYSTEM32\dbghelp.dll

VM Arguments:
jvm_args: -Dclojure.compile.path=C:\src\EverlastingBible/target/classes -Dleiningen.original.pwd=C:\src\EverlastingBible 
java_command: clojure.main -m leiningen.core.main cljsbuild once
java_class_path (initial): C:\Users\Peter\.lein\self-installs\leiningen-2.5.3-standalone.jar
Launcher Type: SUN_STANDARD

Environment Variables:
CLASSPATH=C:\Users\Peter\.lein\self-installs\leiningen-2.5.3-standalone.jar
PATH=C:\ProgramData\Oracle\Java\javapath;C:\WINDOWS\system32;C:\WINDOWS;C:\WINDOWS\System32\Wbem;C:\WINDOWS\System32\WindowsPowerShell\v1.0\;C:\Program Files (x86)\Git\cmd;C:\Users\Peter\.dnx\bin;C:\Program Files\Microsoft DNX\Dnvm\;C:\Program Files\Microsoft SQL Server\120\Tools\Binn\;C:\Program Files\erl7.0\bin;C:\Program Files (x86)\Elixir\bin;C:\Program Files\nodejs\;C:\Program Files (x86)\NVIDIA Corporation\PhysX\Common;C:\Program Files (x86)\Skype\Phone\;C:\Program Files (x86)\Windows Kits\10\Windows Performance Toolkit\;C:\Program Files\Microsoft\Web Platform Installer\;C:\Users\Peter\AppData\Roaming\npm;C:\Users\Peter\.lein\bin\;C:\Users\Peter\OneDrive\DevTools\bin;C:\Users\Peter\OneDrive\Scripts\Cmdlets;C:\Users\Peter\OneDrive\DevTools\sysinternals
USERNAME=Peter
OS=Windows_NT
PROCESSOR_IDENTIFIER=Intel64 Family 6 Model 58 Stepping 9, GenuineIntel



---------------  S Y S T E M  ---------------

OS: Windows 10.0 , 64 bit Build 10586 (10.0.10586.0)

CPU:total 8 (4 cores per cpu, 2 threads per core) family 6 model 58 stepping 9, cmov, cx8, fxsr, mmx, sse, sse2, sse3, ssse3, sse4.1, sse4.2, popcnt, avx, aes, clmul, erms, ht, tsc, tscinvbit, tscinv

Memory: 4k page, physical 16743880k(11142448k free), swap 19234248k(13325392k free)

vm_info: Java HotSpot(TM) 64-Bit Server VM (25.73-b02) for windows-amd64 JRE (1.8.0_73-b02), built on Jan 29 2016 17:38:49 by "java_re" with MS VC++ 10.0 (VS2010)

time: Mon Mar 14 21:25:22 2016
elapsed time: 4 seconds (0d 0h 0m 4s)

